<?xml version="1.0" encoding="UTF-8"?>
<!-- Generated by org.testng.reporters.JUnitReportReporter -->
<testsuite skipped="0" hostname="Lenovo" name="test.TestExample1TestTest2" tests="1" failures="0" timestamp="13 дек 2018 17:43:08 GMT" time="0.000" errors="0">
  <testcase name="test" time="0.000" classname="test.TestExample1TestTest2"/>
</testsuite> <!-- test.TestExample1TestTest2 -->
