<?xml version="1.0" encoding="UTF-8"?>
<!-- Generated by org.testng.reporters.JUnitReportReporter -->
<testsuite skipped="0" hostname="Lenovo" name="test.TestExample2" tests="4" failures="0" timestamp="13 дек 2018 17:43:08 GMT" time="0.010" errors="0">
  <testcase name="test2_1" time="0.010" classname="test.TestExample2"/>
  <testcase name="test2_2" time="0.000" classname="test.TestExample2"/>
  <testcase name="test2_3" time="0.000" classname="test.TestExample2"/>
  <testcase name="test2_4" time="0.000" classname="test.TestExample2"/>
</testsuite> <!-- test.TestExample2 -->
