<?xml version="1.0" encoding="UTF-8"?>
<!-- Generated by org.testng.reporters.JUnitReportReporter -->
<testsuite skipped="0" hostname="Lenovo" name="test.TestExample3" tests="2" failures="0" timestamp="13 дек 2018 17:43:08 GMT" time="0.010" errors="0">
  <testcase name="test3_2" time="0.000" classname="test.TestExample3"/>
  <testcase name="test3_1" time="0.010" classname="test.TestExample3"/>
</testsuite> <!-- test.TestExample3 -->
